./gen_cmt_cache.sh:3: no such file or directory: ./exp
Generating scale_free graph...
Saving graph...
Starting estimating...
Starting balanced partition...
Initializing partition...
Shuffling...
round 1: label propagation...
Round 1 finished, gain: 1527
Shuffling...
round 2: label propagation...
Round 2 finished, gain: 961
Shuffling...
round 3: label propagation...
Round 3 finished, gain: 834, zscore: 0.2720
Shuffling...
round 4: label propagation...
Round 4 finished, gain: 777, zscore: 0.0897
Partitioning finished.
Writing result...
Done.
